<?xml version="1.0" encoding="UTF-8"?>
<!-- Generated by org.testng.reporters.JUnitXMLReporter -->
<testsuite hostname="MSI" ignored="0" name="Default test" tests="4" failures="0" timestamp="23 Apr 2021 10:15:22 GMT" time="1.362" errors="0">
  <testcase name="test_DELETE" time="0.906" classname="product.testing.ProductTests"/>
  <testcase name="test_GET" time="0.314" classname="product.testing.ProductTests"/>
  <testcase name="test_POST" time="0.064" classname="product.testing.ProductTests"/>
  <testcase name="test_PUT" time="0.061" classname="product.testing.ProductTests"/>
</testsuite> <!-- Default test -->
